Determining if the pthread_create exist failed with the following output:
Change Dir: /home/majed/CLionProjects/TwoLink_manip/build /CMakeFiles/CMakeTmp

Run Build Command(s):/usr/bin/make cmTC_3977b/fast 
/usr/bin/make -f CMakeFiles/cmTC_3977b.dir/build.make CMakeFiles/cmTC_3977b.dir/build
make[1]: Entering directory '/home/majed/CLionProjects/TwoLink_manip/build /CMakeFiles/CMakeTmp'
Building C object CMakeFiles/cmTC_3977b.dir/CheckSymbolExists.c.o
/usr/bin/cc    -o CMakeFiles/cmTC_3977b.dir/CheckSymbolExists.c.o   -c "/home/majed/CLionProjects/TwoLink_manip/build /CMakeFiles/CMakeTmp/CheckSymbolExists.c"
Linking C executable cmTC_3977b
/opt/clion-2019.2/bin/cmake/linux/bin/cmake -E cmake_link_script CMakeFiles/cmTC_3977b.dir/link.txt --verbose=1
/usr/bin/cc      -rdynamic CMakeFiles/cmTC_3977b.dir/CheckSymbolExists.c.o  -o cmTC_3977b 
CMakeFiles/cmTC_3977b.dir/CheckSymbolExists.c.o: In function `main':
CheckSymbolExists.c:(.text+0x16): undefined reference to `pthread_create'
collect2: error: ld returned 1 exit status
CMakeFiles/cmTC_3977b.dir/build.make:86: recipe for target 'cmTC_3977b' failed
make[1]: *** [cmTC_3977b] Error 1
make[1]: Leaving directory '/home/majed/CLionProjects/TwoLink_manip/build /CMakeFiles/CMakeTmp'
Makefile:121: recipe for target 'cmTC_3977b/fast' failed
make: *** [cmTC_3977b/fast] Error 2

File /home/majed/CLionProjects/TwoLink_manip/build /CMakeFiles/CMakeTmp/CheckSymbolExists.c:
/* */
#include <pthread.h>

int main(int argc, char** argv)
{
  (void)argv;
#ifndef pthread_create
  return ((int*)(&pthread_create))[argc];
#else
  (void)argc;
  return 0;
#endif
}

Determining if the function pthread_create exists in the pthreads failed with the following output:
Change Dir: /home/majed/CLionProjects/TwoLink_manip/build /CMakeFiles/CMakeTmp

Run Build Command(s):/usr/bin/make cmTC_0a208/fast 
/usr/bin/make -f CMakeFiles/cmTC_0a208.dir/build.make CMakeFiles/cmTC_0a208.dir/build
make[1]: Entering directory '/home/majed/CLionProjects/TwoLink_manip/build /CMakeFiles/CMakeTmp'
Building C object CMakeFiles/cmTC_0a208.dir/CheckFunctionExists.c.o
/usr/bin/cc   -DCHECK_FUNCTION_EXISTS=pthread_create   -o CMakeFiles/cmTC_0a208.dir/CheckFunctionExists.c.o   -c /opt/clion-2019.2/bin/cmake/linux/share/cmake-3.14/Modules/CheckFunctionExists.c
Linking C executable cmTC_0a208
/opt/clion-2019.2/bin/cmake/linux/bin/cmake -E cmake_link_script CMakeFiles/cmTC_0a208.dir/link.txt --verbose=1
/usr/bin/cc  -DCHECK_FUNCTION_EXISTS=pthread_create    -rdynamic CMakeFiles/cmTC_0a208.dir/CheckFunctionExists.c.o  -o cmTC_0a208 -lpthreads 
/usr/bin/ld: cannot find -lpthreads
collect2: error: ld returned 1 exit status
CMakeFiles/cmTC_0a208.dir/build.make:86: recipe for target 'cmTC_0a208' failed
make[1]: *** [cmTC_0a208] Error 1
make[1]: Leaving directory '/home/majed/CLionProjects/TwoLink_manip/build /CMakeFiles/CMakeTmp'
Makefile:121: recipe for target 'cmTC_0a208/fast' failed
make: *** [cmTC_0a208/fast] Error 2


Performing C++ SOURCE FILE Test COMPILER_SUPPORT_Wshorten64to32 failed with the following output:
Change Dir: /home/majed/CLionProjects/TwoLink_manip/build /CMakeFiles/CMakeTmp

Run Build Command(s):/usr/bin/make cmTC_f5ff4/fast 
/usr/bin/make -f CMakeFiles/cmTC_f5ff4.dir/build.make CMakeFiles/cmTC_f5ff4.dir/build
make[1]: Entering directory '/home/majed/CLionProjects/TwoLink_manip/build /CMakeFiles/CMakeTmp'
Building CXX object CMakeFiles/cmTC_f5ff4.dir/src.cxx.o
/usr/bin/c++    -std=c++03 -pedantic -Wall -Wextra -Wundef -Wcast-align -Wchar-subscripts -Wnon-virtual-dtor -Wunused-local-typedefs -Wpointer-arith -Wwrite-strings -Wformat-security -DCOMPILER_SUPPORT_Wshorten64to32 -Werror   -Wshorten-64-to-32 -o CMakeFiles/cmTC_f5ff4.dir/src.cxx.o -c "/home/majed/CLionProjects/TwoLink_manip/build /CMakeFiles/CMakeTmp/src.cxx"
c++: error: unrecognized command line option '-Wshorten-64-to-32'
CMakeFiles/cmTC_f5ff4.dir/build.make:65: recipe for target 'CMakeFiles/cmTC_f5ff4.dir/src.cxx.o' failed
make[1]: *** [CMakeFiles/cmTC_f5ff4.dir/src.cxx.o] Error 1
make[1]: Leaving directory '/home/majed/CLionProjects/TwoLink_manip/build /CMakeFiles/CMakeTmp'
Makefile:121: recipe for target 'cmTC_f5ff4/fast' failed
make: *** [cmTC_f5ff4/fast] Error 2

Source file was:
int main() { return 0; }
Performing C++ SOURCE FILE Test COMPILER_SUPPORT_Wenumconversion failed with the following output:
Change Dir: /home/majed/CLionProjects/TwoLink_manip/build /CMakeFiles/CMakeTmp

Run Build Command(s):/usr/bin/make cmTC_d7202/fast 
/usr/bin/make -f CMakeFiles/cmTC_d7202.dir/build.make CMakeFiles/cmTC_d7202.dir/build
make[1]: Entering directory '/home/majed/CLionProjects/TwoLink_manip/build /CMakeFiles/CMakeTmp'
Building CXX object CMakeFiles/cmTC_d7202.dir/src.cxx.o
/usr/bin/c++    -std=c++03 -pedantic -Wall -Wextra -Wundef -Wcast-align -Wchar-subscripts -Wnon-virtual-dtor -Wunused-local-typedefs -Wpointer-arith -Wwrite-strings -Wformat-security -Wlogical-op -DCOMPILER_SUPPORT_Wenumconversion -Werror   -Wenum-conversion -o CMakeFiles/cmTC_d7202.dir/src.cxx.o -c "/home/majed/CLionProjects/TwoLink_manip/build /CMakeFiles/CMakeTmp/src.cxx"
c++: error: unrecognized command line option '-Wenum-conversion'
CMakeFiles/cmTC_d7202.dir/build.make:65: recipe for target 'CMakeFiles/cmTC_d7202.dir/src.cxx.o' failed
make[1]: *** [CMakeFiles/cmTC_d7202.dir/src.cxx.o] Error 1
make[1]: Leaving directory '/home/majed/CLionProjects/TwoLink_manip/build /CMakeFiles/CMakeTmp'
Makefile:121: recipe for target 'cmTC_d7202/fast' failed
make: *** [cmTC_d7202/fast] Error 2

Source file was:
int main() { return 0; }
Performing C++ SOURCE FILE Test COMPILER_SUPPORT_Wcpp11extensions failed with the following output:
Change Dir: /home/majed/CLionProjects/TwoLink_manip/build /CMakeFiles/CMakeTmp

Run Build Command(s):/usr/bin/make cmTC_abed6/fast 
/usr/bin/make -f CMakeFiles/cmTC_abed6.dir/build.make CMakeFiles/cmTC_abed6.dir/build
make[1]: Entering directory '/home/majed/CLionProjects/TwoLink_manip/build /CMakeFiles/CMakeTmp'
Building CXX object CMakeFiles/cmTC_abed6.dir/src.cxx.o
/usr/bin/c++    -std=c++03 -pedantic -Wall -Wextra -Wundef -Wcast-align -Wchar-subscripts -Wnon-virtual-dtor -Wunused-local-typedefs -Wpointer-arith -Wwrite-strings -Wformat-security -Wlogical-op -DCOMPILER_SUPPORT_Wcpp11extensions -Werror   -Wc++11-extensions -o CMakeFiles/cmTC_abed6.dir/src.cxx.o -c "/home/majed/CLionProjects/TwoLink_manip/build /CMakeFiles/CMakeTmp/src.cxx"
c++: error: unrecognized command line option '-Wc++11-extensions'
CMakeFiles/cmTC_abed6.dir/build.make:65: recipe for target 'CMakeFiles/cmTC_abed6.dir/src.cxx.o' failed
make[1]: *** [CMakeFiles/cmTC_abed6.dir/src.cxx.o] Error 1
make[1]: Leaving directory '/home/majed/CLionProjects/TwoLink_manip/build /CMakeFiles/CMakeTmp'
Makefile:121: recipe for target 'cmTC_abed6/fast' failed
make: *** [cmTC_abed6/fast] Error 2

Source file was:
int main() { return 0; }
Performing C++ SOURCE FILE Test COMPILER_SUPPORT_wd981 failed with the following output:
Change Dir: /home/majed/CLionProjects/TwoLink_manip/build /CMakeFiles/CMakeTmp

Run Build Command(s):/usr/bin/make cmTC_3ca94/fast 
/usr/bin/make -f CMakeFiles/cmTC_3ca94.dir/build.make CMakeFiles/cmTC_3ca94.dir/build
make[1]: Entering directory '/home/majed/CLionProjects/TwoLink_manip/build /CMakeFiles/CMakeTmp'
Building CXX object CMakeFiles/cmTC_3ca94.dir/src.cxx.o
/usr/bin/c++    -std=c++03 -pedantic -Wall -Wextra -Wundef -Wcast-align -Wchar-subscripts -Wnon-virtual-dtor -Wunused-local-typedefs -Wpointer-arith -Wwrite-strings -Wformat-security -Wlogical-op -Wdouble-promotion -Wno-psabi -Wno-variadic-macros -Wno-long-long -fno-check-new -fno-common -fstrict-aliasing -DCOMPILER_SUPPORT_wd981 -Werror   -wd981 -o CMakeFiles/cmTC_3ca94.dir/src.cxx.o -c "/home/majed/CLionProjects/TwoLink_manip/build /CMakeFiles/CMakeTmp/src.cxx"
c++: error: unrecognized command line option '-wd981'
CMakeFiles/cmTC_3ca94.dir/build.make:65: recipe for target 'CMakeFiles/cmTC_3ca94.dir/src.cxx.o' failed
make[1]: *** [CMakeFiles/cmTC_3ca94.dir/src.cxx.o] Error 1
make[1]: Leaving directory '/home/majed/CLionProjects/TwoLink_manip/build /CMakeFiles/CMakeTmp'
Makefile:121: recipe for target 'cmTC_3ca94/fast' failed
make: *** [cmTC_3ca94/fast] Error 2

Source file was:
int main() { return 0; }
Performing C++ SOURCE FILE Test COMPILER_SUPPORT_wd2304 failed with the following output:
Change Dir: /home/majed/CLionProjects/TwoLink_manip/build /CMakeFiles/CMakeTmp

Run Build Command(s):/usr/bin/make cmTC_92ec5/fast 
/usr/bin/make -f CMakeFiles/cmTC_92ec5.dir/build.make CMakeFiles/cmTC_92ec5.dir/build
make[1]: Entering directory '/home/majed/CLionProjects/TwoLink_manip/build /CMakeFiles/CMakeTmp'
Building CXX object CMakeFiles/cmTC_92ec5.dir/src.cxx.o
/usr/bin/c++    -std=c++03 -pedantic -Wall -Wextra -Wundef -Wcast-align -Wchar-subscripts -Wnon-virtual-dtor -Wunused-local-typedefs -Wpointer-arith -Wwrite-strings -Wformat-security -Wlogical-op -Wdouble-promotion -Wno-psabi -Wno-variadic-macros -Wno-long-long -fno-check-new -fno-common -fstrict-aliasing -DCOMPILER_SUPPORT_wd2304 -Werror   -wd2304 -o CMakeFiles/cmTC_92ec5.dir/src.cxx.o -c "/home/majed/CLionProjects/TwoLink_manip/build /CMakeFiles/CMakeTmp/src.cxx"
c++: error: unrecognized command line option '-wd2304'
CMakeFiles/cmTC_92ec5.dir/build.make:65: recipe for target 'CMakeFiles/cmTC_92ec5.dir/src.cxx.o' failed
make[1]: *** [CMakeFiles/cmTC_92ec5.dir/src.cxx.o] Error 1
make[1]: Leaving directory '/home/majed/CLionProjects/TwoLink_manip/build /CMakeFiles/CMakeTmp'
Makefile:121: recipe for target 'cmTC_92ec5/fast' failed
make: *** [cmTC_92ec5/fast] Error 2

Source file was:
int main() { return 0; }
Performing C++ SOURCE FILE Test COMPILER_SUPPORT_STRICTANSI failed with the following output:
Change Dir: /home/majed/CLionProjects/TwoLink_manip/build /CMakeFiles/CMakeTmp

Run Build Command(s):/usr/bin/make cmTC_4273d/fast 
/usr/bin/make -f CMakeFiles/cmTC_4273d.dir/build.make CMakeFiles/cmTC_4273d.dir/build
make[1]: Entering directory '/home/majed/CLionProjects/TwoLink_manip/build /CMakeFiles/CMakeTmp'
Building CXX object CMakeFiles/cmTC_4273d.dir/src.cxx.o
/usr/bin/c++    -std=c++03 -pedantic -Wall -Wextra -Wundef -Wcast-align -Wchar-subscripts -Wnon-virtual-dtor -Wunused-local-typedefs -Wpointer-arith -Wwrite-strings -Wformat-security -Wlogical-op -Wdouble-promotion -Wno-psabi -Wno-variadic-macros -Wno-long-long -fno-check-new -fno-common -fstrict-aliasing -DCOMPILER_SUPPORT_STRICTANSI -Werror   -strict-ansi -o CMakeFiles/cmTC_4273d.dir/src.cxx.o -c "/home/majed/CLionProjects/TwoLink_manip/build /CMakeFiles/CMakeTmp/src.cxx"
c++: error: unrecognized command line option '-strict-ansi'
CMakeFiles/cmTC_4273d.dir/build.make:65: recipe for target 'CMakeFiles/cmTC_4273d.dir/src.cxx.o' failed
make[1]: *** [CMakeFiles/cmTC_4273d.dir/src.cxx.o] Error 1
make[1]: Leaving directory '/home/majed/CLionProjects/TwoLink_manip/build /CMakeFiles/CMakeTmp'
Makefile:121: recipe for target 'cmTC_4273d/fast' failed
make: *** [cmTC_4273d/fast] Error 2

Source file was:
int main() { return 0; }
Performing C++ SOURCE FILE Test COMPILER_SUPPORT_Qunusedarguments failed with the following output:
Change Dir: /home/majed/CLionProjects/TwoLink_manip/build /CMakeFiles/CMakeTmp

Run Build Command(s):/usr/bin/make cmTC_2657c/fast 
/usr/bin/make -f CMakeFiles/cmTC_2657c.dir/build.make CMakeFiles/cmTC_2657c.dir/build
make[1]: Entering directory '/home/majed/CLionProjects/TwoLink_manip/build /CMakeFiles/CMakeTmp'
Building CXX object CMakeFiles/cmTC_2657c.dir/src.cxx.o
/usr/bin/c++    -std=c++03 -pedantic -Wall -Wextra -Wundef -Wcast-align -Wchar-subscripts -Wnon-virtual-dtor -Wunused-local-typedefs -Wpointer-arith -Wwrite-strings -Wformat-security -Wlogical-op -Wdouble-promotion -Wno-psabi -Wno-variadic-macros -Wno-long-long -fno-check-new -fno-common -fstrict-aliasing -DCOMPILER_SUPPORT_Qunusedarguments -Werror   -Qunused-arguments -o CMakeFiles/cmTC_2657c.dir/src.cxx.o -c "/home/majed/CLionProjects/TwoLink_manip/build /CMakeFiles/CMakeTmp/src.cxx"
c++: error: unrecognized command line option '-Qunused-arguments'
CMakeFiles/cmTC_2657c.dir/build.make:65: recipe for target 'CMakeFiles/cmTC_2657c.dir/src.cxx.o' failed
make[1]: *** [CMakeFiles/cmTC_2657c.dir/src.cxx.o] Error 1
make[1]: Leaving directory '/home/majed/CLionProjects/TwoLink_manip/build /CMakeFiles/CMakeTmp'
Makefile:121: recipe for target 'cmTC_2657c/fast' failed
make: *** [cmTC_2657c/fast] Error 2

Source file was:
int main() { return 0; }
